<?xml version="1.0" encoding="UTF-8"?>
<robot generator="Robot 7.0.1 (Python 3.12.5 on win32)" generated="2024-09-09T09:02:42.313410" rpa="false" schemaversion="5">
<suite id="s1" name="Ocr GetTextFromImage" source="C:\Users\USER\PycharmProjects\RobotFrameWork\Resources\Keywords\Ocr_GetTextFromImage.robot">
<test id="s1-t1" name="Extract Text From Image" line="9">
<kw name="Extract Text From Image" owner="ocr_library">
<msg time="2024-09-09T09:02:42.933932" level="INFO">${text} = PEPSI
aw
</msg>
<var>${text}</var>
<arg>${IMAGE_PATH}</arg>
<doc>Extracts text from the given image using Tesseract OCR.</doc>
<status status="PASS" start="2024-09-09T09:02:42.385563" elapsed="0.548369"/>
</kw>
<kw name="Log" owner="BuiltIn">
<msg time="2024-09-09T09:02:42.934890" level="INFO">Extracted Text:-&gt;&gt; PEPSI
aw
</msg>
<arg>Extracted Text:-&gt;&gt; ${text}</arg>
<doc>Logs the given message with the given level.</doc>
<status status="PASS" start="2024-09-09T09:02:42.934890" elapsed="0.000000"/>
</kw>
<status status="PASS" start="2024-09-09T09:02:42.384598" elapsed="0.550292"/>
</test>
<test id="s1-t2" name="Extract Text From PDF" line="13">
<kw name="Extract Text From Pdf" owner="ocr_library">
<msg time="2024-09-09T09:02:44.198958" level="INFO">${text} = --- Text from Page 1 ---
af dred dope! AS LoL
Ye

* &gt; { tio }.
hs | ws

ed

a

No: 1107441808 VVeVEENACAT C—S
DOB: 29/01/2000 2 \t¥e/Ve/¥¥ 3 sl Ay
DOE: 08/08/2025 4 VE EV/e V/V E 2 el gd! Ay

UU eye

...</msg>
<var>${text}</var>
<arg>${PDF_PATH}</arg>
<doc>Extracts text from each page of the given PDF using Tesseract OCR.</doc>
<status status="PASS" start="2024-09-09T09:02:42.935882" elapsed="1.263076"/>
</kw>
<kw name="Log" owner="BuiltIn">
<msg time="2024-09-09T09:02:44.200023" level="INFO">Extracted Text:-&gt;&gt; --- Text from Page 1 ---
af dred dope! AS LoL
Ye

* &gt; { tio }.
hs | ws

ed

a

No: 1107441808 VVeVEENACAT C—S
DOB: 29/01/2000 2 \t¥e/Ve/¥¥ 3 sl Ay
DOE: 08/08/2025 4 VE EV/e V/V E 2 el gd! Ay

UU eye

1107441808


</msg>
<arg>Extracted Text:-&gt;&gt; ${text}</arg>
<doc>Logs the given message with the given level.</doc>
<status status="PASS" start="2024-09-09T09:02:44.198958" elapsed="0.001065"/>
</kw>
<status status="PASS" start="2024-09-09T09:02:42.934890" elapsed="1.265133"/>
</test>
<status status="PASS" start="2024-09-09T09:02:42.325052" elapsed="1.876042"/>
</suite>
<statistics>
<total>
<stat pass="2" fail="0" skip="0">All Tests</stat>
</total>
<tag>
</tag>
<suite>
<stat pass="2" fail="0" skip="0" id="s1" name="Ocr GetTextFromImage">Ocr GetTextFromImage</stat>
</suite>
</statistics>
<errors>
</errors>
</robot>
